This is pdfTeX, Version 3.14159265-2.6-1.40.17 (MiKTeX 2.9.6210 64-bit) (preloaded format=pdflatex 2017.2.19)  13 NOV 2017 19:15
entering extended mode
**"./Metro Map Maker SDD.tex"
("Metro Map Maker SDD.tex"
LaTeX2e <2017/01/01> patch level 1
Babel <3.9r> and hyphenation patterns for 75 language(s) loaded.
("C:\Program Files\MiKTeX 2.9\tex\latex\base\article.cls"
Document Class: article 2014/09/29 v1.4h Standard LaTeX document class
("C:\Program Files\MiKTeX 2.9\tex\latex\base\size10.clo"
File: size10.clo 2014/09/29 v1.4h Standard LaTeX file (size option)
)
\c@part=\count79
\c@section=\count80
\c@subsection=\count81
\c@subsubsection=\count82
\c@paragraph=\count83
\c@subparagraph=\count84
\c@figure=\count85
\c@table=\count86
\abovecaptionskip=\skip41
\belowcaptionskip=\skip42
\bibindent=\dimen102
)
("C:\Program Files\MiKTeX 2.9\tex\latex\base\inputenc.sty"
Package: inputenc 2015/03/17 v1.2c Input encoding file
\inpenc@prehook=\toks14
\inpenc@posthook=\toks15

("C:\Program Files\MiKTeX 2.9\tex\latex\base\utf8.def"
File: utf8.def 2016/02/28 v1.1s UTF-8 support for inputenc
Now handling font encoding OML ...
... no UTF-8 mapping file for font encoding OML
Now handling font encoding T1 ...
... processing UTF-8 mapping file for font encoding T1

("C:\Program Files\MiKTeX 2.9\tex\latex\base\t1enc.dfu"
File: t1enc.dfu 2016/02/28 v1.1s UTF-8 support for inputenc
   defining Unicode char U+00A0 (decimal 160)
   defining Unicode char U+00A1 (decimal 161)
   defining Unicode char U+00A3 (decimal 163)
   defining Unicode char U+00AB (decimal 171)
   defining Unicode char U+00AD (decimal 173)
   defining Unicode char U+00BB (decimal 187)
   defining Unicode char U+00BF (decimal 191)
   defining Unicode char U+00C0 (decimal 192)
   defining Unicode char U+00C1 (decimal 193)
   defining Unicode char U+00C2 (decimal 194)
   defining Unicode char U+00C3 (decimal 195)
   defining Unicode char U+00C4 (decimal 196)
   defining Unicode char U+00C5 (decimal 197)
   defining Unicode char U+00C6 (decimal 198)
   defining Unicode char U+00C7 (decimal 199)
   defining Unicode char U+00C8 (decimal 200)
   defining Unicode char U+00C9 (decimal 201)
   defining Unicode char U+00CA (decimal 202)
   defining Unicode char U+00CB (decimal 203)
   defining Unicode char U+00CC (decimal 204)
   defining Unicode char U+00CD (decimal 205)
   defining Unicode char U+00CE (decimal 206)
   defining Unicode char U+00CF (decimal 207)
   defining Unicode char U+00D0 (decimal 208)
   defining Unicode char U+00D1 (decimal 209)
   defining Unicode char U+00D2 (decimal 210)
   defining Unicode char U+00D3 (decimal 211)
   defining Unicode char U+00D4 (decimal 212)
   defining Unicode char U+00D5 (decimal 213)
   defining Unicode char U+00D6 (decimal 214)
   defining Unicode char U+00D8 (decimal 216)
   defining Unicode char U+00D9 (decimal 217)
   defining Unicode char U+00DA (decimal 218)
   defining Unicode char U+00DB (decimal 219)
   defining Unicode char U+00DC (decimal 220)
   defining Unicode char U+00DD (decimal 221)
   defining Unicode char U+00DE (decimal 222)
   defining Unicode char U+00DF (decimal 223)
   defining Unicode char U+00E0 (decimal 224)
   defining Unicode char U+00E1 (decimal 225)
   defining Unicode char U+00E2 (decimal 226)
   defining Unicode char U+00E3 (decimal 227)
   defining Unicode char U+00E4 (decimal 228)
   defining Unicode char U+00E5 (decimal 229)
   defining Unicode char U+00E6 (decimal 230)
   defining Unicode char U+00E7 (decimal 231)
   defining Unicode char U+00E8 (decimal 232)
   defining Unicode char U+00E9 (decimal 233)
   defining Unicode char U+00EA (decimal 234)
   defining Unicode char U+00EB (decimal 235)
   defining Unicode char U+00EC (decimal 236)
   defining Unicode char U+00ED (decimal 237)
   defining Unicode char U+00EE (decimal 238)
   defining Unicode char U+00EF (decimal 239)
   defining Unicode char U+00F0 (decimal 240)
   defining Unicode char U+00F1 (decimal 241)
   defining Unicode char U+00F2 (decimal 242)
   defining Unicode char U+00F3 (decimal 243)
   defining Unicode char U+00F4 (decimal 244)
   defining Unicode char U+00F5 (decimal 245)
   defining Unicode char U+00F6 (decimal 246)
   defining Unicode char U+00F8 (decimal 248)
   defining Unicode char U+00F9 (decimal 249)
   defining Unicode char U+00FA (decimal 250)
   defining Unicode char U+00FB (decimal 251)
   defining Unicode char U+00FC (decimal 252)
   defining Unicode char U+00FD (decimal 253)
   defining Unicode char U+00FE (decimal 254)
   defining Unicode char U+00FF (decimal 255)
   defining Unicode char U+0100 (decimal 256)
   defining Unicode char U+0101 (decimal 257)
   defining Unicode char U+0102 (decimal 258)
   defining Unicode char U+0103 (decimal 259)
   defining Unicode char U+0104 (decimal 260)
   defining Unicode char U+0105 (decimal 261)
   defining Unicode char U+0106 (decimal 262)
   defining Unicode char U+0107 (decimal 263)
   defining Unicode char U+0108 (decimal 264)
   defining Unicode char U+0109 (decimal 265)
   defining Unicode char U+010A (decimal 266)
   defining Unicode char U+010B (decimal 267)
   defining Unicode char U+010C (decimal 268)
   defining Unicode char U+010D (decimal 269)
   defining Unicode char U+010E (decimal 270)
   defining Unicode char U+010F (decimal 271)
   defining Unicode char U+0110 (decimal 272)
   defining Unicode char U+0111 (decimal 273)
   defining Unicode char U+0112 (decimal 274)
   defining Unicode char U+0113 (decimal 275)
   defining Unicode char U+0114 (decimal 276)
   defining Unicode char U+0115 (decimal 277)
   defining Unicode char U+0116 (decimal 278)
   defining Unicode char U+0117 (decimal 279)
   defining Unicode char U+0118 (decimal 280)
   defining Unicode char U+0119 (decimal 281)
   defining Unicode char U+011A (decimal 282)
   defining Unicode char U+011B (decimal 283)
   defining Unicode char U+011C (decimal 284)
   defining Unicode char U+011D (decimal 285)
   defining Unicode char U+011E (decimal 286)
   defining Unicode char U+011F (decimal 287)
   defining Unicode char U+0120 (decimal 288)
   defining Unicode char U+0121 (decimal 289)
   defining Unicode char U+0122 (decimal 290)
   defining Unicode char U+0123 (decimal 291)
   defining Unicode char U+0124 (decimal 292)
   defining Unicode char U+0125 (decimal 293)
   defining Unicode char U+0128 (decimal 296)
   defining Unicode char U+0129 (decimal 297)
   defining Unicode char U+012A (decimal 298)
   defining Unicode char U+012B (decimal 299)
   defining Unicode char U+012C (decimal 300)
   defining Unicode char U+012D (decimal 301)
   defining Unicode char U+012E (decimal 302)
   defining Unicode char U+012F (decimal 303)
   defining Unicode char U+0130 (decimal 304)
   defining Unicode char U+0131 (decimal 305)
   defining Unicode char U+0132 (decimal 306)
   defining Unicode char U+0133 (decimal 307)
   defining Unicode char U+0134 (decimal 308)
   defining Unicode char U+0135 (decimal 309)
   defining Unicode char U+0136 (decimal 310)
   defining Unicode char U+0137 (decimal 311)
   defining Unicode char U+0139 (decimal 313)
   defining Unicode char U+013A (decimal 314)
   defining Unicode char U+013B (decimal 315)
   defining Unicode char U+013C (decimal 316)
   defining Unicode char U+013D (decimal 317)
   defining Unicode char U+013E (decimal 318)
   defining Unicode char U+0141 (decimal 321)
   defining Unicode char U+0142 (decimal 322)
   defining Unicode char U+0143 (decimal 323)
   defining Unicode char U+0144 (decimal 324)
   defining Unicode char U+0145 (decimal 325)
   defining Unicode char U+0146 (decimal 326)
   defining Unicode char U+0147 (decimal 327)
   defining Unicode char U+0148 (decimal 328)
   defining Unicode char U+014A (decimal 330)
   defining Unicode char U+014B (decimal 331)
   defining Unicode char U+014C (decimal 332)
   defining Unicode char U+014D (decimal 333)
   defining Unicode char U+014E (decimal 334)
   defining Unicode char U+014F (decimal 335)
   defining Unicode char U+0150 (decimal 336)
   defining Unicode char U+0151 (decimal 337)
   defining Unicode char U+0152 (decimal 338)
   defining Unicode char U+0153 (decimal 339)
   defining Unicode char U+0154 (decimal 340)
   defining Unicode char U+0155 (decimal 341)
   defining Unicode char U+0156 (decimal 342)
   defining Unicode char U+0157 (decimal 343)
   defining Unicode char U+0158 (decimal 344)
   defining Unicode char U+0159 (decimal 345)
   defining Unicode char U+015A (decimal 346)
   defining Unicode char U+015B (decimal 347)
   defining Unicode char U+015C (decimal 348)
   defining Unicode char U+015D (decimal 349)
   defining Unicode char U+015E (decimal 350)
   defining Unicode char U+015F (decimal 351)
   defining Unicode char U+0160 (decimal 352)
   defining Unicode char U+0161 (decimal 353)
   defining Unicode char U+0162 (decimal 354)
   defining Unicode char U+0163 (decimal 355)
   defining Unicode char U+0164 (decimal 356)
   defining Unicode char U+0165 (decimal 357)
   defining Unicode char U+0168 (decimal 360)
   defining Unicode char U+0169 (decimal 361)
   defining Unicode char U+016A (decimal 362)
   defining Unicode char U+016B (decimal 363)
   defining Unicode char U+016C (decimal 364)
   defining Unicode char U+016D (decimal 365)
   defining Unicode char U+016E (decimal 366)
   defining Unicode char U+016F (decimal 367)
   defining Unicode char U+0170 (decimal 368)
   defining Unicode char U+0171 (decimal 369)
   defining Unicode char U+0172 (decimal 370)
   defining Unicode char U+0173 (decimal 371)
   defining Unicode char U+0174 (decimal 372)
   defining Unicode char U+0175 (decimal 373)
   defining Unicode char U+0176 (decimal 374)
   defining Unicode char U+0177 (decimal 375)
   defining Unicode char U+0178 (decimal 376)
   defining Unicode char U+0179 (decimal 377)
   defining Unicode char U+017A (decimal 378)
   defining Unicode char U+017B (decimal 379)
   defining Unicode char U+017C (decimal 380)
   defining Unicode char U+017D (decimal 381)
   defining Unicode char U+017E (decimal 382)
   defining Unicode char U+01CD (decimal 461)
   defining Unicode char U+01CE (decimal 462)
   defining Unicode char U+01CF (decimal 463)
   defining Unicode char U+01D0 (decimal 464)
   defining Unicode char U+01D1 (decimal 465)
   defining Unicode char U+01D2 (decimal 466)
   defining Unicode char U+01D3 (decimal 467)
   defining Unicode char U+01D4 (decimal 468)
   defining Unicode char U+01E2 (decimal 482)
   defining Unicode char U+01E3 (decimal 483)
   defining Unicode char U+01E6 (decimal 486)
   defining Unicode char U+01E7 (decimal 487)
   defining Unicode char U+01E8 (decimal 488)
   defining Unicode char U+01E9 (decimal 489)
   defining Unicode char U+01EA (decimal 490)
   defining Unicode char U+01EB (decimal 491)
   defining Unicode char U+01F0 (decimal 496)
   defining Unicode char U+01F4 (decimal 500)
   defining Unicode char U+01F5 (decimal 501)
   defining Unicode char U+0218 (decimal 536)
   defining Unicode char U+0219 (decimal 537)
   defining Unicode char U+021A (decimal 538)
   defining Unicode char U+021B (decimal 539)
   defining Unicode char U+1E02 (decimal 7682)
   defining Unicode char U+1E03 (decimal 7683)
   defining Unicode char U+200C (decimal 8204)
   defining Unicode char U+2010 (decimal 8208)
   defining Unicode char U+2011 (decimal 8209)
   defining Unicode char U+2012 (decimal 8210)
   defining Unicode char U+2013 (decimal 8211)
   defining Unicode char U+2014 (decimal 8212)
   defining Unicode char U+2015 (decimal 8213)
   defining Unicode char U+2018 (decimal 8216)
   defining Unicode char U+2019 (decimal 8217)
   defining Unicode char U+201A (decimal 8218)
   defining Unicode char U+201C (decimal 8220)
   defining Unicode char U+201D (decimal 8221)
   defining Unicode char U+201E (decimal 8222)
   defining Unicode char U+2030 (decimal 8240)
   defining Unicode char U+2031 (decimal 8241)
   defining Unicode char U+2039 (decimal 8249)
   defining Unicode char U+203A (decimal 8250)
   defining Unicode char U+2423 (decimal 9251)
)
Now handling font encoding OT1 ...
... processing UTF-8 mapping file for font encoding OT1

("C:\Program Files\MiKTeX 2.9\tex\latex\base\ot1enc.dfu"
File: ot1enc.dfu 2016/02/28 v1.1s UTF-8 support for inputenc
   defining Unicode char U+00A0 (decimal 160)
   defining Unicode char U+00A1 (decimal 161)
   defining Unicode char U+00A3 (decimal 163)
   defining Unicode char U+00AD (decimal 173)
   defining Unicode char U+00B8 (decimal 184)
   defining Unicode char U+00BF (decimal 191)
   defining Unicode char U+00C5 (decimal 197)
   defining Unicode char U+00C6 (decimal 198)
   defining Unicode char U+00D8 (decimal 216)
   defining Unicode char U+00DF (decimal 223)
   defining Unicode char U+00E6 (decimal 230)
   defining Unicode char U+00EC (decimal 236)
   defining Unicode char U+00ED (decimal 237)
   defining Unicode char U+00EE (decimal 238)
   defining Unicode char U+00EF (decimal 239)
   defining Unicode char U+00F8 (decimal 248)
   defining Unicode char U+0131 (decimal 305)
   defining Unicode char U+0141 (decimal 321)
   defining Unicode char U+0142 (decimal 322)
   defining Unicode char U+0152 (decimal 338)
   defining Unicode char U+0153 (decimal 339)
   defining Unicode char U+0174 (decimal 372)
   defining Unicode char U+0175 (decimal 373)
   defining Unicode char U+0176 (decimal 374)
   defining Unicode char U+0177 (decimal 375)
   defining Unicode char U+0218 (decimal 536)
   defining Unicode char U+0219 (decimal 537)
   defining Unicode char U+021A (decimal 538)
   defining Unicode char U+021B (decimal 539)
   defining Unicode char U+2013 (decimal 8211)
   defining Unicode char U+2014 (decimal 8212)
   defining Unicode char U+2018 (decimal 8216)
   defining Unicode char U+2019 (decimal 8217)
   defining Unicode char U+201C (decimal 8220)
   defining Unicode char U+201D (decimal 8221)
)
Now handling font encoding OMS ...
... processing UTF-8 mapping file for font encoding OMS

("C:\Program Files\MiKTeX 2.9\tex\latex\base\omsenc.dfu"
File: omsenc.dfu 2016/02/28 v1.1s UTF-8 support for inputenc
   defining Unicode char U+00A7 (decimal 167)
   defining Unicode char U+00B6 (decimal 182)
   defining Unicode char U+00B7 (decimal 183)
   defining Unicode char U+2020 (decimal 8224)
   defining Unicode char U+2021 (decimal 8225)
   defining Unicode char U+2022 (decimal 8226)
)
Now handling font encoding OMX ...
... no UTF-8 mapping file for font encoding OMX
Now handling font encoding U ...
... no UTF-8 mapping file for font encoding U
   defining Unicode char U+00A9 (decimal 169)
   defining Unicode char U+00AA (decimal 170)
   defining Unicode char U+00AE (decimal 174)
   defining Unicode char U+00BA (decimal 186)
   defining Unicode char U+02C6 (decimal 710)
   defining Unicode char U+02DC (decimal 732)
   defining Unicode char U+200C (decimal 8204)
   defining Unicode char U+2026 (decimal 8230)
   defining Unicode char U+2122 (decimal 8482)
   defining Unicode char U+2423 (decimal 9251)
))
("C:\Program Files\MiKTeX 2.9\tex\latex\amsmath\amsmath.sty"
Package: amsmath 2016/11/05 v2.16a AMS math features
\@mathmargin=\skip43

For additional information on amsmath, use the `?' option.
("C:\Program Files\MiKTeX 2.9\tex\latex\amsmath\amstext.sty"
Package: amstext 2000/06/29 v2.01 AMS text

("C:\Program Files\MiKTeX 2.9\tex\latex\amsmath\amsgen.sty"
File: amsgen.sty 1999/11/30 v2.0 generic functions
\@emptytoks=\toks16
\ex@=\dimen103
))
("C:\Program Files\MiKTeX 2.9\tex\latex\amsmath\amsbsy.sty"
Package: amsbsy 1999/11/29 v1.2d Bold Symbols
\pmbraise@=\dimen104
)
("C:\Program Files\MiKTeX 2.9\tex\latex\amsmath\amsopn.sty"
Package: amsopn 2016/03/08 v2.02 operator names
)
\inf@bad=\count87
LaTeX Info: Redefining \frac on input line 213.
\uproot@=\count88
\leftroot@=\count89
LaTeX Info: Redefining \overline on input line 375.
\classnum@=\count90
\DOTSCASE@=\count91
LaTeX Info: Redefining \ldots on input line 472.
LaTeX Info: Redefining \dots on input line 475.
LaTeX Info: Redefining \cdots on input line 596.
\Mathstrutbox@=\box26
\strutbox@=\box27
\big@size=\dimen105
LaTeX Font Info:    Redeclaring font encoding OML on input line 712.
LaTeX Font Info:    Redeclaring font encoding OMS on input line 713.
\macc@depth=\count92
\c@MaxMatrixCols=\count93
\dotsspace@=\muskip10
\c@parentequation=\count94
\dspbrk@lvl=\count95
\tag@help=\toks17
\row@=\count96
\column@=\count97
\maxfields@=\count98
\andhelp@=\toks18
\eqnshift@=\dimen106
\alignsep@=\dimen107
\tagshift@=\dimen108
\tagwidth@=\dimen109
\totwidth@=\dimen110
\lineht@=\dimen111
\@envbody=\toks19
\multlinegap=\skip44
\multlinetaggap=\skip45
\mathdisplay@stack=\toks20
LaTeX Info: Redefining \[ on input line 2817.
LaTeX Info: Redefining \] on input line 2818.
)
("C:\Program Files\MiKTeX 2.9\tex\latex\caption\caption.sty"
Package: caption 2016/02/21 v3.3-144 Customizing captions (AR)

("C:\Program Files\MiKTeX 2.9\tex\latex\caption\caption3.sty"
Package: caption3 2016/05/22 v1.7-166 caption3 kernel (AR)
Package caption3 Info: TeX engine: e-TeX on input line 67.

("C:\Program Files\MiKTeX 2.9\tex\latex\graphics\keyval.sty"
Package: keyval 2014/10/28 v1.15 key=value parser (DPC)
\KV@toks@=\toks21
)
\captionmargin=\dimen112
\captionmargin@=\dimen113
\captionwidth=\dimen114
\caption@tempdima=\dimen115
\caption@indent=\dimen116
\caption@parindent=\dimen117
\caption@hangindent=\dimen118
)
\c@ContinuedFloat=\count99
)
("C:\Program Files\MiKTeX 2.9\tex\latex\graphics\graphicx.sty"
Package: graphicx 2014/10/28 v1.0g Enhanced LaTeX Graphics (DPC,SPQR)

("C:\Program Files\MiKTeX 2.9\tex\latex\graphics\graphics.sty"
Package: graphics 2016/10/09 v1.0u Standard LaTeX Graphics (DPC,SPQR)

("C:\Program Files\MiKTeX 2.9\tex\latex\graphics\trig.sty"
Package: trig 2016/01/03 v1.10 sin cos tan (DPC)
)
("C:\Program Files\MiKTeX 2.9\tex\latex\graphics-cfg\graphics.cfg"
File: graphics.cfg 2016/06/04 v1.11 sample graphics configuration
)
Package graphics Info: Driver file: pdftex.def on input line 99.

("C:\Program Files\MiKTeX 2.9\tex\latex\graphics-def\pdftex.def"
File: pdftex.def 2017/01/12 v0.06k Graphics/color for pdfTeX

("C:\Program Files\MiKTeX 2.9\tex\generic\oberdiek\infwarerr.sty"
Package: infwarerr 2016/05/16 v1.4 Providing info/warning/error messages (HO)
)
("C:\Program Files\MiKTeX 2.9\tex\generic\oberdiek\ltxcmds.sty"
Package: ltxcmds 2016/05/16 v1.23 LaTeX kernel commands for general use (HO)
)
\Gread@gobject=\count100
))
\Gin@req@height=\dimen119
\Gin@req@width=\dimen120
)
("C:\Program Files\MiKTeX 2.9\tex\latex\amsfonts\amsfonts.sty"
Package: amsfonts 2013/01/14 v3.01 Basic AMSFonts support
\symAMSa=\mathgroup4
\symAMSb=\mathgroup5
LaTeX Font Info:    Overwriting math alphabet `\mathfrak' in version `bold'
(Font)                  U/euf/m/n --> U/euf/b/n on input line 106.
)
("C:\Program Files\MiKTeX 2.9\tex\latex\amsfonts\amssymb.sty"
Package: amssymb 2013/01/14 v3.01 AMS font symbols
)
("C:\Program Files\MiKTeX 2.9\tex\latex\geometry\geometry.sty"
Package: geometry 2010/09/12 v5.6 Page Geometry

("C:\Program Files\MiKTeX 2.9\tex\generic\oberdiek\ifpdf.sty"
Package: ifpdf 2016/05/14 v3.1 Provides the ifpdf switch
)
("C:\Program Files\MiKTeX 2.9\tex\generic\oberdiek\ifvtex.sty"
Package: ifvtex 2016/05/16 v1.6 Detect VTeX and its facilities (HO)
Package ifvtex Info: VTeX not detected.
)
("C:\Program Files\MiKTeX 2.9\tex\generic\ifxetex\ifxetex.sty"
Package: ifxetex 2010/09/12 v0.6 Provides ifxetex conditional
)
\Gm@cnth=\count101
\Gm@cntv=\count102
\c@Gm@tempcnt=\count103
\Gm@bindingoffset=\dimen121
\Gm@wd@mp=\dimen122
\Gm@odd@mp=\dimen123
\Gm@even@mp=\dimen124
\Gm@layoutwidth=\dimen125
\Gm@layoutheight=\dimen126
\Gm@layouthoffset=\dimen127
\Gm@layoutvoffset=\dimen128
\Gm@dimlist=\toks22

("C:\Program Files\MiKTeX 2.9\tex\latex\geometry\geometry.cfg"))
("C:\Users\steve\Documents\Academic\Stony Brook\Fall 2017\CSE219\build\Metro Ma
p Maker SDD.aux")
\openout1 = `"Metro Map Maker SDD.aux"'.

LaTeX Font Info:    Checking defaults for OML/cmm/m/it on input line 14.
LaTeX Font Info:    ... okay on input line 14.
LaTeX Font Info:    Checking defaults for T1/cmr/m/n on input line 14.
LaTeX Font Info:    ... okay on input line 14.
LaTeX Font Info:    Checking defaults for OT1/cmr/m/n on input line 14.
LaTeX Font Info:    ... okay on input line 14.
LaTeX Font Info:    Checking defaults for OMS/cmsy/m/n on input line 14.
LaTeX Font Info:    ... okay on input line 14.
LaTeX Font Info:    Checking defaults for OMX/cmex/m/n on input line 14.
LaTeX Font Info:    ... okay on input line 14.
LaTeX Font Info:    Checking defaults for U/cmr/m/n on input line 14.
LaTeX Font Info:    ... okay on input line 14.
Package caption Info: Begin \AtBeginDocument code.
Package caption Info: End \AtBeginDocument code.
 ("C:\Program Files\MiKTeX 2.9\tex\context\base\supp-pdf.mkii"
[Loading MPS to PDF converter (version 2006.09.02).]
\scratchcounter=\count104
\scratchdimen=\dimen129
\scratchbox=\box28
\nofMPsegments=\count105
\nofMParguments=\count106
\everyMPshowfont=\toks23
\MPscratchCnt=\count107
\MPscratchDim=\dimen130
\MPnumerator=\count108
\makeMPintoPDFobject=\count109
\everyMPtoPDFconversion=\toks24
) ("C:\Program Files\MiKTeX 2.9\tex\generic\oberdiek\pdftexcmds.sty"
Package: pdftexcmds 2016/05/21 v0.22 Utility functions of pdfTeX for LuaTeX (HO
)

("C:\Program Files\MiKTeX 2.9\tex\generic\oberdiek\ifluatex.sty"
Package: ifluatex 2016/05/16 v1.4 Provides the ifluatex switch (HO)
Package ifluatex Info: LuaTeX not detected.
)
Package pdftexcmds Info: LuaTeX not detected.
Package pdftexcmds Info: \pdf@primitive is available.
Package pdftexcmds Info: \pdf@ifprimitive is available.
Package pdftexcmds Info: \pdfdraftmode found.
)
("C:\Program Files\MiKTeX 2.9\tex\latex\oberdiek\epstopdf-base.sty"
Package: epstopdf-base 2016/05/15 v2.6 Base part for package epstopdf

("C:\Program Files\MiKTeX 2.9\tex\latex\oberdiek\grfext.sty"
Package: grfext 2016/05/16 v1.2 Manage graphics extensions (HO)

("C:\Program Files\MiKTeX 2.9\tex\generic\oberdiek\kvdefinekeys.sty"
Package: kvdefinekeys 2016/05/16 v1.4 Define keys (HO)
))
("C:\Program Files\MiKTeX 2.9\tex\latex\oberdiek\kvoptions.sty"
Package: kvoptions 2016/05/16 v3.12 Key value format for package options (HO)

("C:\Program Files\MiKTeX 2.9\tex\generic\oberdiek\kvsetkeys.sty"
Package: kvsetkeys 2016/05/16 v1.17 Key value parser (HO)

("C:\Program Files\MiKTeX 2.9\tex\generic\oberdiek\etexcmds.sty"
Package: etexcmds 2016/05/16 v1.6 Avoid name clashes with e-TeX commands (HO)
Package etexcmds Info: Could not find \expanded.
(etexcmds)             That can mean that you are not using pdfTeX 1.50 or
(etexcmds)             that some package has redefined \expanded.
(etexcmds)             In the latter case, load this package earlier.
)))
Package epstopdf-base Info: Redefining graphics rule for `.eps' on input line 4
38.
Package grfext Info: Graphics extension search list:
(grfext)             [.png,.pdf,.jpg,.mps,.jpeg,.jbig2,.jb2,.PNG,.PDF,.JPG,.JPE
G,.JBIG2,.JB2,.eps]
(grfext)             \AppendGraphicsExtensions on input line 456.
)
*geometry* driver: auto-detecting
*geometry* detected driver: pdftex
*geometry* verbose mode - [ preamble ] result:
* driver: pdftex
* paper: a4paper
* layout: <same size as paper>
* layoutoffset:(h,v)=(0.0pt,0.0pt)
* modes: 
* h-part:(L,W,R)=(72.26999pt, 452.9679pt, 72.26999pt)
* v-part:(T,H,B)=(72.26999pt, 700.50687pt, 72.26999pt)
* \paperwidth=597.50787pt
* \paperheight=845.04684pt
* \textwidth=452.9679pt
* \textheight=700.50687pt
* \oddsidemargin=0.0pt
* \evensidemargin=0.0pt
* \topmargin=-37.0pt
* \headheight=12.0pt
* \headsep=25.0pt
* \topskip=10.0pt
* \footskip=30.0pt
* \marginparwidth=57.0pt
* \marginparsep=11.0pt
* \columnsep=10.0pt
* \skip\footins=9.0pt plus 4.0pt minus 2.0pt
* \hoffset=0.0pt
* \voffset=0.0pt
* \mag=1000
* \@twocolumnfalse
* \@twosidefalse
* \@mparswitchfalse
* \@reversemarginfalse
* (1in=72.27pt=25.4mm, 1cm=28.453pt)


("C:\Users\steve\Documents\Academic\Stony Brook\Fall 2017\CSE219\build\Metro Ma
p Maker SDD.toc"
LaTeX Font Info:    Try loading font information for U+msa on input line 2.
 ("C:\Program Files\MiKTeX 2.9\tex\latex\amsfonts\umsa.fd"
File: umsa.fd 2013/01/14 v3.01 AMS symbols A
)
LaTeX Font Info:    Try loading font information for U+msb on input line 2.

("C:\Program Files\MiKTeX 2.9\tex\latex\amsfonts\umsb.fd"
File: umsb.fd 2013/01/14 v3.01 AMS symbols B
))
\tf@toc=\write3
\openout3 = `"Metro Map Maker SDD.toc"'.

 [1

{C:/ProgramData/MiKTeX/2.9/pdftex/config/pdftex.map}] [2]
<DesktopJavaFramework_API.jpg, id=11, 124.21407pt x 191.9672pt>
File: DesktopJavaFramework_API.jpg Graphic file (type jpg)

<use DesktopJavaFramework_API.jpg>
Package pdftex.def Info: DesktopJavaFramework_API.jpg used on input line 62.
(pdftex.def)             Requested size: 124.21375pt x 191.96672pt.

</Users/steve/Pictures/hw3/classes/JavaAPI.png, id=12, 447.92343pt x 319.94531p
t>
File: /Users/steve/Pictures/hw3/classes/JavaAPI.png Graphic file (type png)
 <use /Users/steve/Pictures/hw3/classes/JavaAPI.png>
Package pdftex.def Info: /Users/steve/Pictures/hw3/classes/JavaAPI.png used on 
input line 70.
(pdftex.def)             Requested size: 335.94174pt x 239.95839pt.
 [3 <./DesktopJavaFramework_API.jpg> </Users/steve/Pictures/hw3/classes/JavaAPI
.png>] [4]
<C:/Users/steve/Pictures/hw3/Draggable.jpg, id=19, 109.1578pt x 139.27031pt>
File: C:/Users/steve/Pictures/hw3/Draggable.jpg Graphic file (type jpg)

<use C:/Users/steve/Pictures/hw3/Draggable.jpg>
Package pdftex.def Info: C:/Users/steve/Pictures/hw3/Draggable.jpg used on inpu
t line 185.
(pdftex.def)             Requested size: 109.15753pt x 139.26996pt.

<C:/Users/steve/Pictures/hw3/BorderedMessageDialog.jpg, id=20, 443.40656pt x 20
7.02344pt>
File: C:/Users/steve/Pictures/hw3/BorderedMessageDialog.jpg Graphic file (type 
jpg)
 <use C:/Users/steve/Pictures/hw3/BorderedMessageDialog.jpg>
Package pdftex.def Info: C:/Users/steve/Pictures/hw3/BorderedMessageDialog.jpg 
used on input line 190.
(pdftex.def)             Requested size: 443.40547pt x 207.02292pt.
 [5 <C:/Users/steve/Pictures/hw3/Draggable.jpg>]
<C:/Users/steve/Pictures/hw3/DraggableImage.jpg, id=24, 207.02344pt x 169.38281
pt>
File: C:/Users/steve/Pictures/hw3/DraggableImage.jpg Graphic file (type jpg)
 <use C:/Users/steve/Pictures/hw3/DraggableImage.jpg>
Package pdftex.def Info: C:/Users/steve/Pictures/hw3/DraggableImage.jpg used on
 input line 195.
(pdftex.def)             Requested size: 207.02292pt x 169.38239pt.

<C:/Users/steve/Pictures/hw3/DraggableLabel.jpg, id=25, 207.02344pt x 259.7203p
t>
File: C:/Users/steve/Pictures/hw3/DraggableLabel.jpg Graphic file (type jpg)
 <use C:/Users/steve/Pictures/hw3/DraggableLabel.jpg>
Package pdftex.def Info: C:/Users/steve/Pictures/hw3/DraggableLabel.jpg used on
 input line 200.
(pdftex.def)             Requested size: 207.02292pt x 259.71967pt.
 [6 <C:/Users/steve/Pictures/hw3/BorderedMessageDialog.jpg> <C:/Users/steve/Pic
tures/hw3/DraggableImage.jpg> <C:/Users/steve/Pictures/hw3/DraggableLabel.jpg>]

<C:/Users/steve/Pictures/hw3/EnterTextDialog.jpg, id=29, 274.77657pt x 191.9672
pt>
File: C:/Users/steve/Pictures/hw3/EnterTextDialog.jpg Graphic file (type jpg)
 <use C:/Users/steve/Pictures/hw3/EnterTextDialog.jpg>
Package pdftex.def Info: C:/Users/steve/Pictures/hw3/EnterTextDialog.jpg used o
n input line 205.
(pdftex.def)             Requested size: 274.77588pt x 191.96672pt.

<C:/Users/steve/Pictures/hw3/MetroLine_and_Node.jpg, id=30, 342.5297pt x 365.11
406pt>
File: C:/Users/steve/Pictures/hw3/MetroLine_and_Node.jpg Graphic file (type jpg
)
 <use C:/Users/steve/Pictures/hw3/MetroLine_and_Node.jpg>
Package pdftex.def Info: C:/Users/steve/Pictures/hw3/MetroLine_and_Node.jpg use
d on input line 210.
(pdftex.def)             Requested size: 342.52885pt x 365.11316pt.

<C:/Users/steve/Pictures/hw3/MetroLineSettingsDialog.png, id=31, 267.24844pt x 
229.60782pt>
File: C:/Users/steve/Pictures/hw3/MetroLineSettingsDialog.png Graphic file (typ
e png)
 <use C:/Users/steve/Pictures/hw3/MetroLineSettingsDialog.png>
Package pdftex.def Info: C:/Users/steve/Pictures/hw3/MetroLineSettingsDialog.pn
g used on input line 215.
(pdftex.def)             Requested size: 267.24779pt x 229.60725pt.

[7 <C:/Users/steve/Pictures/hw3/EnterTextDialog.jpg> <C:/Users/steve/Pictures/h
w3/MetroLine_and_Node.jpg>]
<C:/Users/steve/Pictures/hw3/MetroStation.jpg, id=36, 274.77657pt x 289.83281pt
>
File: C:/Users/steve/Pictures/hw3/MetroStation.jpg Graphic file (type jpg)
 <use C:/Users/steve/Pictures/hw3/MetroStation.jpg>
Package pdftex.def Info: C:/Users/steve/Pictures/hw3/MetroStation.jpg used on i
nput line 220.
(pdftex.def)             Requested size: 274.77588pt x 289.83209pt.

<C:/Users/steve/Pictures/hw3/MMMApp.jpg, id=37, 410.2828pt x 237.13594pt>
File: C:/Users/steve/Pictures/hw3/MMMApp.jpg Graphic file (type jpg)

<use C:/Users/steve/Pictures/hw3/MMMApp.jpg>
Package pdftex.def Info: C:/Users/steve/Pictures/hw3/MMMApp.jpg used on input l
ine 225.
(pdftex.def)             Requested size: 410.2818pt x 237.13535pt.
 [8 <C:/Users/steve/Pictures/hw3/MetroLineSettingsDialog.png> <C:/Users/steve/P
ictures/hw3/MetroStation.jpg>]
<C:/Users/steve/Pictures/hw3/MMMCanvasController.jpg, id=41, 199.49532pt x 184.
43906pt>
File: C:/Users/steve/Pictures/hw3/MMMCanvasController.jpg Graphic file (type jp
g)
 <use C:/Users/steve/Pictures/hw3/MMMCanvasController.jpg>
Package pdftex.def Info: C:/Users/steve/Pictures/hw3/MMMCanvasController.jpg us
ed on input line 230.
(pdftex.def)             Requested size: 199.49481pt x 184.4386pt.

<C:/Users/steve/Pictures/hw3/classes/MMMData.jpg, id=42, 447.92343pt x 485.5640
6pt>
File: C:/Users/steve/Pictures/hw3/classes/MMMData.jpg Graphic file (type jpg)
 <use C:/Users/steve/Pictures/hw3/classes/MMMData.jpg>
Package pdftex.def Info: C:/Users/steve/Pictures/hw3/classes/MMMData.jpg used o
n input line 235.
(pdftex.def)             Requested size: 335.94174pt x 364.17215pt.
 [9 <C:/Users/steve/Pictures/hw3/MMMApp.jpg> <C:/Users/steve/Pictures/hw3/MMMCa
nvasController.jpg>]
<C:/Users/steve/Pictures/hw3/MMMEditController.jpg, id=46, 297.36093pt x 470.50
781pt>
File: C:/Users/steve/Pictures/hw3/MMMEditController.jpg Graphic file (type jpg)

 <use C:/Users/steve/Pictures/hw3/MMMEditController.jpg>
Package pdftex.def Info: C:/Users/steve/Pictures/hw3/MMMEditController.jpg used
 on input line 240.
(pdftex.def)             Requested size: 297.3602pt x 470.50665pt.
 [10 <C:/Users/steve/Pictures/hw3/classes/MMMData.jpg>]
<C:/Users/steve/Pictures/hw3/MMMState.jpg, id=50, 139.27031pt x 124.21407pt>
File: C:/Users/steve/Pictures/hw3/MMMState.jpg Graphic file (type jpg)

<use C:/Users/steve/Pictures/hw3/MMMState.jpg>
Package pdftex.def Info: C:/Users/steve/Pictures/hw3/MMMState.jpg used on input
 line 245.
(pdftex.def)             Requested size: 139.26996pt x 124.21375pt.

<C:/Users/steve/Pictures/hw3/MMMWorkspace.jpg, id=51, 410.2828pt x 726.46407pt>
File: C:/Users/steve/Pictures/hw3/MMMWorkspace.jpg Graphic file (type jpg)
<use C:/Users/steve/Pictures/hw3/MMMWorkspace.jpg>
Package pdftex.def Info: C:/Users/steve/Pictures/hw3/MMMWorkspace.jpg used on i
nput line 250.
(pdftex.def)             Requested size: 369.25111pt x 653.81163pt.
 [11 <C:/Users/steve/Pictures/hw3/MMMEditController.jpg> <C:/Users/steve/Pictur
es/hw3/MMMState.jpg>]
<C:/Users/steve/Pictures/hw3/WelcomeDialog.jpg, id=55, 259.7203pt x 252.19218pt
>
File: C:/Users/steve/Pictures/hw3/WelcomeDialog.jpg Graphic file (type jpg)
 <use C:/Users/steve/Pictures/hw3/WelcomeDialog.jpg>
Package pdftex.def Info: C:/Users/steve/Pictures/hw3/WelcomeDialog.jpg used on 
input line 255.
(pdftex.def)             Requested size: 259.71967pt x 252.19156pt.
 [12 <C:/Users/steve/Pictures/hw3/MMMWorkspace.jpg>] [13 <C:/Users/steve/Pictur
es/hw3/WelcomeDialog.jpg>]
<C:/Users/steve/Pictures/hw3/use_cases/2_1.png, id=63, 425.33907pt x 335.00156p
t>
File: C:/Users/steve/Pictures/hw3/use_cases/2_1.png Graphic file (type png)
 <use C:/Users/steve/Pictures/hw3/use_cases/2_1.png>
Package pdftex.def Info: C:/Users/steve/Pictures/hw3/use_cases/2_1.png used on 
input line 266.
(pdftex.def)             Requested size: 255.2054pt x 201.00247pt.

<C:/Users/steve/Pictures/hw3/use_cases/2_2.png, id=64, 335.00156pt x 169.38281p
t>
File: C:/Users/steve/Pictures/hw3/use_cases/2_2.png Graphic file (type png)
 <use C:/Users/steve/Pictures/hw3/use_cases/2_2.png>
Package pdftex.def Info: C:/Users/steve/Pictures/hw3/use_cases/2_2.png used on 
input line 271.
(pdftex.def)             Requested size: 234.49948pt x 118.56714pt.

<C:/Users/steve/Pictures/hw3/use_cases/2_3.png, id=65, 94.10156pt x 184.43906pt
>
File: C:/Users/steve/Pictures/hw3/use_cases/2_3.png Graphic file (type png)
 <use C:/Users/steve/Pictures/hw3/use_cases/2_3.png>
Package pdftex.def Info: C:/Users/steve/Pictures/hw3/use_cases/2_3.png used on 
input line 276.
(pdftex.def)             Requested size: 65.87062pt x 129.10645pt.

<C:/Users/steve/Pictures/hw3/use_cases/2_9.png, id=66, 425.33907pt x 199.49532p
t>
File: C:/Users/steve/Pictures/hw3/use_cases/2_9.png Graphic file (type png)
 <use C:/Users/steve/Pictures/hw3/use_cases/2_9.png>
Package pdftex.def Info: C:/Users/steve/Pictures/hw3/use_cases/2_9.png used on 
input line 281.
(pdftex.def)             Requested size: 212.669pt x 99.7474pt.

<C:/Users/steve/Pictures/hw3/use_cases/2_10.png, id=67, 432.86719pt x 199.49532
pt>
File: C:/Users/steve/Pictures/hw3/use_cases/2_10.png Graphic file (type png)
 <use C:/Users/steve/Pictures/hw3/use_cases/2_10.png>
Package pdftex.def Info: C:/Users/steve/Pictures/hw3/use_cases/2_10.png used on
 input line 286.
(pdftex.def)             Requested size: 303.00496pt x 139.64575pt.
 [14 <C:/Users/steve/Pictures/hw3/use_cases/2_1.png> <C:/Users/steve/Pictures/h
w3/use_cases/2_2.png> <C:/Users/steve/Pictures/hw3/use_cases/2_3.png> <C:/Users
/steve/Pictures/hw3/use_cases/2_9.png>]
<C:/Users/steve/Pictures/hw3/use_cases/2_11.png, id=71, 568.37344pt x 259.7203p
t>
File: C:/Users/steve/Pictures/hw3/use_cases/2_11.png Graphic file (type png)
 <use C:/Users/steve/Pictures/hw3/use_cases/2_11.png>
Package pdftex.def Info: C:/Users/steve/Pictures/hw3/use_cases/2_11.png used on
 input line 291.
(pdftex.def)             Requested size: 397.8587pt x 181.80296pt.

<C:/Users/steve/Pictures/hw3/use_cases/2_13.png, id=72, 681.29532pt x 365.11406
pt>
File: C:/Users/steve/Pictures/hw3/use_cases/2_13.png Graphic file (type png)
 <use C:/Users/steve/Pictures/hw3/use_cases/2_13.png>
Package pdftex.def Info: C:/Users/steve/Pictures/hw3/use_cases/2_13.png used on
 input line 296.
(pdftex.def)             Requested size: 408.78035pt x 219.07011pt.

<C:/Users/steve/Pictures/hw3/use_cases/2_14.png, id=73, 922.19531pt x 395.22656
pt>
File: C:/Users/steve/Pictures/hw3/use_cases/2_14.png Graphic file (type png)
 <use C:/Users/steve/Pictures/hw3/use_cases/2_14.png>
Package pdftex.def Info: C:/Users/steve/Pictures/hw3/use_cases/2_14.png used on
 input line 301.
(pdftex.def)             Requested size: 461.09653pt x 197.6128pt.

Overfull \hbox (8.12863pt too wide) in paragraph at lines 301--302
 [] 
 []

[15 <C:/Users/steve/Pictures/hw3/use_cases/2_10.png> <C:/Users/steve/Pictures/h
w3/use_cases/2_11.png> <C:/Users/steve/Pictures/hw3/use_cases/2_13.png>]
<C:/Users/steve/Pictures/hw3/use_cases/2_15.png, id=77, 749.04843pt x 335.00156
pt>
File: C:/Users/steve/Pictures/hw3/use_cases/2_15.png Graphic file (type png)
 <use C:/Users/steve/Pictures/hw3/use_cases/2_15.png>
Package pdftex.def Info: C:/Users/steve/Pictures/hw3/use_cases/2_15.png used on
 input line 306.
(pdftex.def)             Requested size: 486.87572pt x 217.74843pt.

Overfull \hbox (33.90782pt too wide) in paragraph at lines 306--307
 [] 
 []


<C:/Users/steve/Pictures/hw3/use_cases/2_16a.png, id=78, 440.39531pt x 237.1359
4pt>
File: C:/Users/steve/Pictures/hw3/use_cases/2_16a.png Graphic file (type png)
 <use C:/Users/steve/Pictures/hw3/use_cases/2_16a.png>
Package pdftex.def Info: C:/Users/steve/Pictures/hw3/use_cases/2_16a.png used o
n input line 311.
(pdftex.def)             Requested size: 264.23921pt x 142.28265pt.

<C:/Users/steve/Pictures/hw3/use_cases/2_16b.png, id=79, 636.12656pt x 289.8328
1pt>
File: C:/Users/steve/Pictures/hw3/use_cases/2_16b.png Graphic file (type png)
 <use C:/Users/steve/Pictures/hw3/use_cases/2_16b.png>
Package pdftex.def Info: C:/Users/steve/Pictures/hw3/use_cases/2_16b.png used o
n input line 316.
(pdftex.def)             Requested size: 381.67888pt x 173.90102pt.
 [16 <C:/Users/steve/Pictures/hw3/use_cases/2_14.png> <C:/Users/steve/Pictures/
hw3/use_cases/2_15.png> <C:/Users/steve/Pictures/hw3/use_cases/2_16a.png>]
<C:/Users/steve/Pictures/hw3/use_cases/2_16c.png, id=83, 425.33907pt x 335.0015
6pt>
File: C:/Users/steve/Pictures/hw3/use_cases/2_16c.png Graphic file (type png)
 <use C:/Users/steve/Pictures/hw3/use_cases/2_16c.png>
Package pdftex.def Info: C:/Users/steve/Pictures/hw3/use_cases/2_16c.png used o
n input line 321.
(pdftex.def)             Requested size: 255.2054pt x 201.00247pt.

<C:/Users/steve/Pictures/hw3/use_cases/2_17a.png, id=84, 538.26094pt x 207.0234
4pt>
File: C:/Users/steve/Pictures/hw3/use_cases/2_17a.png Graphic file (type png)
 <use C:/Users/steve/Pictures/hw3/use_cases/2_17a.png>
Package pdftex.def Info: C:/Users/steve/Pictures/hw3/use_cases/2_17a.png used o
n input line 326.
(pdftex.def)             Requested size: 269.1298pt x 103.51146pt.

<C:/Users/steve/Pictures/hw3/use_cases/2_17b.png, id=85, 703.87968pt x 380.1703
2pt>
File: C:/Users/steve/Pictures/hw3/use_cases/2_17b.png Graphic file (type png)
 <use C:/Users/steve/Pictures/hw3/use_cases/2_17b.png>
Package pdftex.def Info: C:/Users/steve/Pictures/hw3/use_cases/2_17b.png used o
n input line 331.
(pdftex.def)             Requested size: 351.93898pt x 190.08469pt.
 [17 <C:/Users/steve/Pictures/hw3/use_cases/2_16b.png> <C:/Users/steve/Pictures
/hw3/use_cases/2_16c.png> <C:/Users/steve/Pictures/hw3/use_cases/2_17a.png>]
<C:/Users/steve/Pictures/hw3/use_cases/2_20.png, id=89, 590.95781pt x 304.88907
pt>
File: C:/Users/steve/Pictures/hw3/use_cases/2_20.png Graphic file (type png)
 <use C:/Users/steve/Pictures/hw3/use_cases/2_20.png>
Package pdftex.def Info: C:/Users/steve/Pictures/hw3/use_cases/2_20.png used on
 input line 336.
(pdftex.def)             Requested size: 295.47818pt x 152.44415pt.

<C:/Users/steve/Pictures/hw3/use_cases/2_23.png, id=90, 545.78906pt x 229.60782
pt>
File: C:/Users/steve/Pictures/hw3/use_cases/2_23.png Graphic file (type png)
 <use C:/Users/steve/Pictures/hw3/use_cases/2_23.png>
Package pdftex.def Info: C:/Users/steve/Pictures/hw3/use_cases/2_23.png used on
 input line 341.
(pdftex.def)             Requested size: 272.89386pt x 114.80362pt.
 [18 <C:/Users/steve/Pictures/hw3/use_cases/2_17b.png> <C:/Users/steve/Pictures
/hw3/use_cases/2_20.png> <C:/Users/steve/Pictures/hw3/use_cases/2_23.png>]
LaTeX Font Info:    Try loading font information for OMS+cmr on input line 362.


("C:\Program Files\MiKTeX 2.9\tex\latex\base\omscmr.fd"
File: omscmr.fd 2014/09/29 v2.5h Standard LaTeX font definitions
)
LaTeX Font Info:    Font shape `OMS/cmr/m/n' in size <10> not available
(Font)              Font shape `OMS/cmsy/m/n' tried instead on input line 362.
 [19] [20]
("C:\Users\steve\Documents\Academic\Stony Brook\Fall 2017\CSE219\build\Metro Ma
p Maker SDD.aux") ) 
Here is how much of TeX's memory you used:
 4403 strings out of 493333
 68005 string characters out of 3139194
 130200 words of memory out of 3000000
 7837 multiletter control sequences out of 15000+200000
 6857 words of font info for 27 fonts, out of 3000000 for 9000
 1141 hyphenation exceptions out of 8191
 39i,8n,39p,695b,273s stack positions out of 5000i,500n,10000p,200000b,50000s
<C:/Program Files/MiKTeX 2.9/fonts/type1/public/amsfonts/cm/
cmbx10.pfb><C:/Program Files/MiKTeX 2.9/fonts/type1/public/amsfonts/cm/cmbx12.p
fb><C:/Program Files/MiKTeX 2.9/fonts/type1/public/amsfonts/cm/cmr10.pfb><C:/Pr
ogram Files/MiKTeX 2.9/fonts/type1/public/amsfonts/cm/cmsy10.pfb>
Output written on "C:/Users/steve/Documents/Academic/Stony Brook/Fall 2017/CSE2
19/build/Metro Map Maker SDD.pdf" (20 pages, 428429 bytes).
PDF statistics:
 116 PDF objects out of 1000 (max. 8388607)
 0 named destinations out of 1000 (max. 500000)
 166 words of extra memory for PDF output out of 10000 (max. 10000000)

